2022-10-01 09:16:50 INFO  EmployeeRestAPI:17 - ************Started TC002_GetSingleEmployeeRecord*************
2022-10-01 09:16:54 INFO  EmployeeRestAPI:78 - ************Checking Content Encoding*************
2022-10-01 09:16:54 INFO  EmployeeRestAPI:80 - content Encoding==>null
2022-10-01 09:16:54 INFO  EmployeeRestAPI:86 - ************Checking Content Length*************
2022-10-01 09:16:54 INFO  EmployeeRestAPI:88 - content Length==>77
2022-10-01 09:16:54 INFO  EmployeeRestAPI:62 - ************Checking Content Type*************
2022-10-01 09:16:54 INFO  EmployeeRestAPI:64 - content Type==>application/json
2022-10-01 09:16:54 INFO  EmployeeRestAPI:27 - ************Checking Response Body*************
2022-10-01 09:16:54 INFO  EmployeeRestAPI:29 - responseBody==>{"message":"Error Occured! Page Not found, contact rstapi2example@gmail.com"}
2022-10-01 09:16:54 INFO  EmployeeRestAPI:43 - ************Checking Response Time*************
2022-10-01 09:16:54 INFO  EmployeeRestAPI:45 - Response Time==>1841
2022-10-01 09:16:54 INFO  EmployeeRestAPI:70 - ************Checking Content Type*************
2022-10-01 09:16:54 INFO  EmployeeRestAPI:72 - server Type==>null
2022-10-01 09:16:55 INFO  EmployeeRestAPI:35 - ************Checking Stutus Code*************
2022-10-01 09:16:55 INFO  EmployeeRestAPI:37 - statusCode==>404
2022-10-01 09:16:55 INFO  EmployeeRestAPI:54 - ************Checking Status Line*************
2022-10-01 09:16:55 INFO  EmployeeRestAPI:56 - status Line==>HTTP/1.1 404 Not Found
2022-10-01 09:16:55 INFO  EmployeeRestAPI:95 - ************Finished TC002_GetSingleEmployeeRecord*************
2022-10-01 09:16:55 INFO  EmployeeRestAPI:17 - ************Started TC001_GetAllEmployeeData*************
2022-10-01 09:16:56 INFO  EmployeeRestAPI:80 - ***************checking Content  Encoding*******************
2022-10-01 09:16:56 INFO  EmployeeRestAPI:82 - contentEncoding==>gzip
2022-10-01 09:16:56 INFO  EmployeeRestAPI:88 - ***************checking Content  Length*******************
2022-10-01 09:16:56 INFO  EmployeeRestAPI:90 - contentLength==>null
2022-10-01 09:16:56 INFO  EmployeeRestAPI:64 - ***************checking Content Type*******************
2022-10-01 09:16:56 INFO  EmployeeRestAPI:66 - contentType==>text/html; charset=UTF-8
2022-10-01 09:16:56 INFO  EmployeeRestAPI:28 - ***************checking Response Body*******************
2022-10-01 09:16:56 INFO  EmployeeRestAPI:30 - Response Body==><!DOCTYPE html>
<html lang="en">
    <head><meta charset="utf-8">
        
        <meta name="viewport" content="width=device-width, initial-scale=1">

        <title>Too Many Requests</title>

        <!-- Fonts -->
        <link rel="dns-prefetch" href="//fonts.gstatic.com">
        <link href="https://fonts.googleapis.com/css?family=Nunito" rel="stylesheet">

        <!-- Styles -->
        <style>
            html, body {
                background-color: #fff;
                color: #636b6f;
                font-family: 'Nunito', sans-serif;
                font-weight: 100;
                height: 100vh;
                margin: 0;
            }

            .full-height {
                height: 100vh;
            }

            .flex-center {
                align-items: center;
                display: flex;
                justify-content: center;
            }

            .position-ref {
                position: relative;
            }

            .code {
                border-right: 2px solid;
                font-size: 26px;
                padding: 0 15px 0 15px;
                text-align: center;
            }

            .message {
                font-size: 18px;
                text-align: center;
            }
        </style>
    </head>
    <body>
        <div class="flex-center position-ref full-height">
            <div class="code">
                429            </div>

            <div class="message" style="padding: 10px;">
                Too Many Requests            </div>
        </div>
    <script type="text/javascript" onload="__ezcl.handle(true);" async src="/utilcave_com/inc/ezcl.webp?cb=4"></script></body>
</html>

2022-10-01 09:16:56 INFO  EmployeeRestAPI:44 - ***************checking Response Body*******************
2022-10-01 09:16:56 INFO  EmployeeRestAPI:46 - Response Time==>910
2022-10-01 09:16:56 INFO  EmployeeRestAPI:72 - ***************checking Server Type*******************
2022-10-01 09:16:56 INFO  EmployeeRestAPI:74 - serverType==>nginx/1.21.6
2022-10-01 09:16:56 INFO  EmployeeRestAPI:36 - ***************checking Response Body*******************
2022-10-01 09:16:56 INFO  EmployeeRestAPI:38 - statusCode==>429
2022-10-01 09:16:56 INFO  EmployeeRestAPI:56 - ***************checking Status Line*******************
2022-10-01 09:16:56 INFO  EmployeeRestAPI:58 - statusLine==>HTTP/1.1 429 Too Many Requests
2022-10-01 09:16:56 INFO  EmployeeRestAPI:96 - ***************checking Content  Length*******************
2022-10-01 09:16:56 INFO  EmployeeRestAPI:104 - ***************Finished TC001_GetAllEmployeeData*******************
2022-10-01 09:16:56 INFO  EmployeeRestAPI:22 - ************Started TC003_PostEmployeeRecord*************
2022-10-01 09:16:56 INFO  EmployeeRestAPI:59 - ************Checking Response Time*************
2022-10-01 09:16:56 INFO  EmployeeRestAPI:61 - Response Time==>785
2022-10-01 09:16:56 INFO  EmployeeRestAPI:35 - ************Checking Response Body*************
2022-10-01 09:16:56 INFO  EmployeeRestAPI:37 - response Body==><!DOCTYPE html>
<html lang="en">
    <head>
        <meta charset="utf-8">
        <meta name="viewport" content="width=device-width, initial-scale=1">

        <title>Too Many Requests</title>

        <!-- Fonts -->
        <link rel="dns-prefetch" href="//fonts.gstatic.com">
        <link href="https://fonts.googleapis.com/css?family=Nunito" rel="stylesheet">

        <!-- Styles -->
        <style>
            html, body {
                background-color: #fff;
                color: #636b6f;
                font-family: 'Nunito', sans-serif;
                font-weight: 100;
                height: 100vh;
                margin: 0;
            }

            .full-height {
                height: 100vh;
            }

            .flex-center {
                align-items: center;
                display: flex;
                justify-content: center;
            }

            .position-ref {
                position: relative;
            }

            .code {
                border-right: 2px solid;
                font-size: 26px;
                padding: 0 15px 0 15px;
                text-align: center;
            }

            .message {
                font-size: 18px;
                text-align: center;
            }
        </style>
    </head>
    <body>
        <div class="flex-center position-ref full-height">
            <div class="code">
                429            </div>

            <div class="message" style="padding: 10px;">
                Too Many Requests            </div>
        </div>
    </body>
</html>

2022-10-01 09:16:56 INFO  EmployeeRestAPI:43 - ************Checking Status Code*************
2022-10-01 09:16:56 INFO  EmployeeRestAPI:45 - Status Code==>429
2022-10-01 09:16:56 INFO  EmployeeRestAPI:51 - ************Checking Status Line*************
2022-10-01 09:16:56 INFO  EmployeeRestAPI:53 - status Line==>HTTP/1.1 429 Too Many Requests
2022-10-02 08:13:52 INFO  EmployeeRestAPI:17 - ************Started TC001_GetAllEmployeeData*************
2022-10-02 08:13:57 INFO  EmployeeRestAPI:80 - ***************checking Content  Encoding*******************
2022-10-02 08:13:57 INFO  EmployeeRestAPI:82 - contentEncoding==>gzip
2022-10-02 08:13:57 INFO  EmployeeRestAPI:88 - ***************checking Content  Length*******************
2022-10-02 08:13:57 INFO  EmployeeRestAPI:90 - contentLength==>null
2022-10-02 08:13:57 INFO  EmployeeRestAPI:64 - ***************checking Content Type*******************
2022-10-02 08:13:57 INFO  EmployeeRestAPI:66 - contentType==>text/html; charset=UTF-8
2022-10-02 08:13:57 INFO  EmployeeRestAPI:28 - ***************checking Response Body*******************
2022-10-02 08:13:57 INFO  EmployeeRestAPI:30 - Response Body==><!DOCTYPE html>
<html lang="en">
    <head>
        <meta charset="utf-8">
        <meta name="viewport" content="width=device-width, initial-scale=1">

        <title>Too Many Requests</title>

        <!-- Fonts -->
        <link rel="dns-prefetch" href="//fonts.gstatic.com">
        <link href="https://fonts.googleapis.com/css?family=Nunito" rel="stylesheet">

        <!-- Styles -->
        <style>
            html, body {
                background-color: #fff;
                color: #636b6f;
                font-family: 'Nunito', sans-serif;
                font-weight: 100;
                height: 100vh;
                margin: 0;
            }

            .full-height {
                height: 100vh;
            }

            .flex-center {
                align-items: center;
                display: flex;
                justify-content: center;
            }

            .position-ref {
                position: relative;
            }

            .code {
                border-right: 2px solid;
                font-size: 26px;
                padding: 0 15px 0 15px;
                text-align: center;
            }

            .message {
                font-size: 18px;
                text-align: center;
            }
        </style>
    </head>
    <body>
        <div class="flex-center position-ref full-height">
            <div class="code">
                429            </div>

            <div class="message" style="padding: 10px;">
                Too Many Requests            </div>
        </div>
    </body>
</html>

2022-10-02 08:13:57 INFO  EmployeeRestAPI:44 - ***************checking Response Body*******************
2022-10-02 08:13:57 INFO  EmployeeRestAPI:46 - Response Time==>1937
2022-10-02 08:13:57 INFO  EmployeeRestAPI:72 - ***************checking Server Type*******************
2022-10-02 08:13:57 INFO  EmployeeRestAPI:74 - serverType==>nginx/1.21.6
2022-10-02 08:13:57 INFO  EmployeeRestAPI:36 - ***************checking Response Body*******************
2022-10-02 08:13:57 INFO  EmployeeRestAPI:38 - statusCode==>429
2022-10-02 08:13:57 INFO  EmployeeRestAPI:56 - ***************checking Status Line*******************
2022-10-02 08:13:57 INFO  EmployeeRestAPI:58 - statusLine==>HTTP/1.1 429 Too Many Requests
2022-10-02 08:13:57 INFO  EmployeeRestAPI:96 - ***************checking Content  Length*******************
2022-10-02 08:13:57 INFO  EmployeeRestAPI:104 - ***************Finished TC001_GetAllEmployeeData*******************
2022-10-18 11:04:21 INFO  EmployeeRestAPI:17 - ************Started TC001_GetAllEmployeeData*************
2022-10-18 11:05:07 INFO  EmployeeRestAPI:80 - ***************checking Content  Encoding*******************
2022-10-18 11:05:07 INFO  EmployeeRestAPI:82 - contentEncoding==>gzip
2022-10-18 11:05:07 INFO  EmployeeRestAPI:88 - ***************checking Content  Length*******************
2022-10-18 11:05:07 INFO  EmployeeRestAPI:90 - contentLength==>null
2022-10-18 11:05:07 INFO  EmployeeRestAPI:64 - ***************checking Content Type*******************
2022-10-18 11:05:07 INFO  EmployeeRestAPI:66 - contentType==>application/json
2022-10-18 11:05:07 INFO  EmployeeRestAPI:28 - ***************checking Response Body*******************
2022-10-18 11:05:08 INFO  EmployeeRestAPI:30 - Response Body==>{"status":"success","data":[{"id":1,"employee_name":"Tiger Nixon","employee_salary":320800,"employee_age":61,"profile_image":""},{"id":2,"employee_name":"Garrett Winters","employee_salary":170750,"employee_age":63,"profile_image":""},{"id":3,"employee_name":"Ashton Cox","employee_salary":86000,"employee_age":66,"profile_image":""},{"id":4,"employee_name":"Cedric Kelly","employee_salary":433060,"employee_age":22,"profile_image":""},{"id":5,"employee_name":"Airi Satou","employee_salary":162700,"employee_age":33,"profile_image":""},{"id":6,"employee_name":"Brielle Williamson","employee_salary":372000,"employee_age":61,"profile_image":""},{"id":7,"employee_name":"Herrod Chandler","employee_salary":137500,"employee_age":59,"profile_image":""},{"id":8,"employee_name":"Rhona Davidson","employee_salary":327900,"employee_age":55,"profile_image":""},{"id":9,"employee_name":"Colleen Hurst","employee_salary":205500,"employee_age":39,"profile_image":""},{"id":10,"employee_name":"Sonya Frost","employee_salary":103600,"employee_age":23,"profile_image":""},{"id":11,"employee_name":"Jena Gaines","employee_salary":90560,"employee_age":30,"profile_image":""},{"id":12,"employee_name":"Quinn Flynn","employee_salary":342000,"employee_age":22,"profile_image":""},{"id":13,"employee_name":"Charde Marshall","employee_salary":470600,"employee_age":36,"profile_image":""},{"id":14,"employee_name":"Haley Kennedy","employee_salary":313500,"employee_age":43,"profile_image":""},{"id":15,"employee_name":"Tatyana Fitzpatrick","employee_salary":385750,"employee_age":19,"profile_image":""},{"id":16,"employee_name":"Michael Silva","employee_salary":198500,"employee_age":66,"profile_image":""},{"id":17,"employee_name":"Paul Byrd","employee_salary":725000,"employee_age":64,"profile_image":""},{"id":18,"employee_name":"Gloria Little","employee_salary":237500,"employee_age":59,"profile_image":""},{"id":19,"employee_name":"Bradley Greer","employee_salary":132000,"employee_age":41,"profile_image":""},{"id":20,"employee_name":"Dai Rios","employee_salary":217500,"employee_age":35,"profile_image":""},{"id":21,"employee_name":"Jenette Caldwell","employee_salary":345000,"employee_age":30,"profile_image":""},{"id":22,"employee_name":"Yuri Berry","employee_salary":675000,"employee_age":40,"profile_image":""},{"id":23,"employee_name":"Caesar Vance","employee_salary":106450,"employee_age":21,"profile_image":""},{"id":24,"employee_name":"Doris Wilder","employee_salary":85600,"employee_age":23,"profile_image":""}],"message":"Successfully! All records has been fetched."}
2022-10-18 11:05:08 INFO  EmployeeRestAPI:44 - ***************checking Response Body*******************
2022-10-18 11:05:08 INFO  EmployeeRestAPI:46 - Response Time==>44692
2022-10-18 11:05:08 WARN  EmployeeRestAPI:49 - Response time is greater than 2000
2022-10-18 11:05:08 INFO  EmployeeRestAPI:72 - ***************checking Server Type*******************
2022-10-18 11:05:08 INFO  EmployeeRestAPI:74 - serverType==>nginx/1.21.6
2022-10-18 11:05:08 INFO  EmployeeRestAPI:36 - ***************checking Response Body*******************
2022-10-18 11:05:08 INFO  EmployeeRestAPI:38 - statusCode==>200
2022-10-18 11:05:08 INFO  EmployeeRestAPI:56 - ***************checking Status Line*******************
2022-10-18 11:05:08 INFO  EmployeeRestAPI:58 - statusLine==>HTTP/1.1 200 OK
2022-10-18 11:05:08 INFO  EmployeeRestAPI:96 - ***************checking Content  Length*******************
2022-10-18 11:05:08 INFO  EmployeeRestAPI:104 - ***************Finished TC001_GetAllEmployeeData*******************
